<?xml version="1.0" encoding="UTF-8"?>
<!-- Generated by org.testng.reporters.JUnitXMLReporter -->
<testsuite ignored="3" hostname="PG02QJ2V" failures="0" tests="2" name="Default test" time="87.565" errors="0" timestamp="2022-11-22T17:52:44 IST">
  <testcase classname="executetests.LeadProcess" name="loginToSalesforce" time="26.411"/>
  <testcase classname="executetests.LeadProcess" name="createNewLead" time="54.661"/>
  <testcase classname="executetests.LeadProcess" name="createNewContact" time="0.0">
    <ignored/>
  </testcase> <!-- createNewContact -->
  <testcase classname="executetests.LeadProcess" name="createNewAccount" time="0.0">
    <ignored/>
  </testcase> <!-- createNewAccount -->
  <testcase classname="executetests.LeadProcess" name="acceptLead" time="0.0">
    <ignored/>
  </testcase> <!-- acceptLead -->
</testsuite> <!-- Default test -->
