<?xml version="1.0" encoding="UTF-8"?>
<testsuite xmlns:xsi="http://www.w3.org/2001/XMLSchema-instance" xsi:noNamespaceSchemaLocation="https://maven.apache.org/surefire/maven-surefire-plugin/xsd/surefire-test-report.xsd" name="TestSuite" time="126.303" tests="2" errors="0" skipped="0" failures="1">
  <properties>
[...]
</properties>
  <testcase name="loginToSalesforce" classname="executetests.Salesforce" time="62.502">
    <failure message="timeout: Timed out receiving message from renderer: 50.000&#10;  (Session info: chrome=103.0.5060.114)&#10;Build info: version: &apos;3.11.0&apos;, revision: &apos;e59cfb3&apos;, time: &apos;2018-03-11T20:26:55.152Z&apos;&#10;System info: host: &apos;PG02802S&apos;, ip: &apos;10.11.27.150&apos;, os.name: &apos;Windows 10&apos;, os.arch: &apos;amd64&apos;, os.version: &apos;10.0&apos;, java.version: &apos;15.0.2&apos;&#10;Driver info: org.openqa.selenium.chrome.ChromeDriver&#10;Capabilities {acceptInsecureCerts: false, browserName: chrome, browserVersion: 103.0.5060.114, chrome: {chromedriverVersion: 103.0.5060.53 (a1711811edd7..., userDataDir: C:\Users\mgp0966\AppData\Lo...}, goog:chromeOptions: {debuggerAddress: localhost:52957}, javascriptEnabled: true, networkConnectionEnabled: false, pageLoadStrategy: normal, platform: WINDOWS, platformName: WINDOWS, proxy: Proxy(), setWindowRect: true, strictFileInteractability: false, timeouts: {implicit: 0, pageLoad: 300000, script: 30000}, unhandledPromptBehavior: dismiss and notify, webauthn:extension:credBlob: true, webauthn:extension:largeBlob: true, webauthn:virtualAuthenticators: true}&#10;Session ID: a3e6efd0587aaac21215838c7ceb6185" type="org.openqa.selenium.TimeoutException">org.openqa.selenium.TimeoutException: 
timeout: Timed out receiving message from renderer: 50.000
  (Session info: chrome=103.0.5060.114)
Build info: version: '3.11.0', revision: 'e59cfb3', time: '2018-03-11T20:26:55.152Z'
System info: host: 'PG02802S', ip: '10.11.27.150', os.name: 'Windows 10', os.arch: 'amd64', os.version: '10.0', java.version: '15.0.2'
Driver info: org.openqa.selenium.chrome.ChromeDriver
Capabilities {acceptInsecureCerts: false, browserName: chrome, browserVersion: 103.0.5060.114, chrome: {chromedriverVersion: 103.0.5060.53 (a1711811edd7..., userDataDir: C:\Users\mgp0966\AppData\Lo...}, goog:chromeOptions: {debuggerAddress: localhost:52957}, javascriptEnabled: true, networkConnectionEnabled: false, pageLoadStrategy: normal, platform: WINDOWS, platformName: WINDOWS, proxy: Proxy(), setWindowRect: true, strictFileInteractability: false, timeouts: {implicit: 0, pageLoad: 300000, script: 30000}, unhandledPromptBehavior: dismiss and notify, webauthn:extension:credBlob: true, webauthn:extension:largeBlob: true, webauthn:virtualAuthenticators: true}
Session ID: a3e6efd0587aaac21215838c7ceb6185
	at executetests.Salesforce.loginToSalesforce(Salesforce.java:247)
</failure>
    <system-out><![CDATA[2022-07-11 18:22:50,414 main DEBUG Apache Log4j Core 2.17.2 initializing configuration XmlConfiguration[location=D:\GradleWorkspace\Selenium\target\classes\log4j2.xml]
2022-07-11 18:22:50,416 main DEBUG PluginManager 'Core' found 127 plugins
2022-07-11 18:22:50,416 main DEBUG PluginManager 'Level' found 0 plugins
2022-07-11 18:22:50,421 main DEBUG Building Plugin[name=property, class=org.apache.logging.log4j.core.config.Property].
2022-07-11 18:22:50,431 main DEBUG PluginManager 'TypeConverter' found 26 plugins
2022-07-11 18:22:50,437 main DEBUG createProperty(name="log-path", value="logs", value="logs")
2022-07-11 18:22:50,438 main DEBUG Building Plugin[name=properties, class=org.apache.logging.log4j.core.config.PropertiesPlugin].
2022-07-11 18:22:50,441 main DEBUG configureSubstitutor(={log-path=logs}, Configuration(D:\GradleWorkspace\Selenium\target\classes\log4j2.xml))
2022-07-11 18:22:50,442 main DEBUG PluginManager 'Lookup' found 16 plugins
2022-07-11 18:22:50,443 main DEBUG Building Plugin[name=layout, class=org.apache.logging.log4j.core.layout.PatternLayout].
2022-07-11 18:22:50,448 main DEBUG PatternLayout$Builder(pattern="[%-5level] %d{yyyy-MM-dd HH:mm:ss.SSS} [%t] %c{1} - %msg%n", PatternSelector=null, Configuration(D:\GradleWorkspace\Selenium\target\classes\log4j2.xml), Replace=null, charset="null", alwaysWriteExceptions="null", disableAnsi="null", noConsoleNoAnsi="null", header="null", footer="null")
2022-07-11 18:22:50,448 main DEBUG PluginManager 'Converter' found 45 plugins
2022-07-11 18:22:50,457 main DEBUG Building Plugin[name=TimeBasedTriggeringPolicy, class=org.apache.logging.log4j.core.appender.rolling.TimeBasedTriggeringPolicy].
2022-07-11 18:22:50,460 main DEBUG TimeBasedTriggeringPolicy$Builder(interval="1", modulate="true", maxRandomDelay="null")
2022-07-11 18:22:50,460 main DEBUG Building Plugin[name=Policies, class=org.apache.logging.log4j.core.appender.rolling.CompositeTriggeringPolicy].
2022-07-11 18:22:50,460 main DEBUG createPolicy(={TimeBasedTriggeringPolicy(nextRolloverMillis=0, interval=1, modulate=true)})
2022-07-11 18:22:50,461 main DEBUG Building Plugin[name=appender, class=org.apache.logging.log4j.core.appender.RollingFileAppender].
2022-07-11 18:22:50,468 main DEBUG RollingFileAppender$Builder(fileName="logs/CBS-regression.log", filePattern="logs/CBS-regression-%d{yyyy-MM-dd}.log", append="null", locking="null", Policies(CompositeTriggeringPolicy(policies=[TimeBasedTriggeringPolicy(nextRolloverMillis=0, interval=1, modulate=true)])), Strategy=null, advertise="null", advertiseUri="null", createOnDemand="null", filePermissions="null", fileOwner="null", fileGroup="null", bufferedIo="null", bufferSize="null", immediateFlush="null", ignoreExceptions="null", PatternLayout([%-5level] %d{yyyy-MM-dd HH:mm:ss.SSS} [%t] %c{1} - %msg%n), name="file-log", Configuration(D:\GradleWorkspace\Selenium\target\classes\log4j2.xml), Filter=null, ={})
2022-07-11 18:22:50,477 main DEBUG Returning file creation time for D:\GradleWorkspace\Selenium\logs\CBS-regression.log
2022-07-11 18:22:50,477 main DEBUG Starting RollingFileManager logs/CBS-regression.log
2022-07-11 18:22:50,480 main DEBUG PluginManager 'FileConverter' found 2 plugins
2022-07-11 18:22:50,483 main DEBUG Setting prev file time to 2022-07-11T17:22:03.892+0530
2022-07-11 18:22:50,484 main DEBUG Initializing triggering policy CompositeTriggeringPolicy(policies=[TimeBasedTriggeringPolicy(nextRolloverMillis=0, interval=1, modulate=true)])
2022-07-11 18:22:50,484 main DEBUG Initializing triggering policy TimeBasedTriggeringPolicy(nextRolloverMillis=0, interval=1, modulate=true)
2022-07-11 18:22:50,485 main DEBUG Building Plugin[name=layout, class=org.apache.logging.log4j.core.layout.PatternLayout].
2022-07-11 18:22:50,485 main DEBUG PatternLayout$Builder(pattern="[%-5level] %d{yyyy-MM-dd HH:mm:ss.SSS} [%t] %c{1} - %msg%n", PatternSelector=null, Configuration(D:\GradleWorkspace\Selenium\target\classes\log4j2.xml), Replace=null, charset="null", alwaysWriteExceptions="null", disableAnsi="null", noConsoleNoAnsi="null", header="null", footer="null")
2022-07-11 18:22:50,486 main DEBUG Building Plugin[name=appender, class=org.apache.logging.log4j.core.appender.ConsoleAppender].
2022-07-11 18:22:50,488 main DEBUG ConsoleAppender$Builder(target="SYSTEM_OUT", follow="null", direct="null", bufferedIo="null", bufferSize="null", immediateFlush="null", ignoreExceptions="null", PatternLayout([%-5level] %d{yyyy-MM-dd HH:mm:ss.SSS} [%t] %c{1} - %msg%n), name="console", Configuration(D:\GradleWorkspace\Selenium\target\classes\log4j2.xml), Filter=null, ={})
2022-07-11 18:22:50,491 main DEBUG Starting OutputStreamManager SYSTEM_OUT.false.false
2022-07-11 18:22:50,492 main DEBUG Building Plugin[name=appenders, class=org.apache.logging.log4j.core.config.AppendersPlugin].
2022-07-11 18:22:50,492 main DEBUG createAppenders(={file-log, console})
2022-07-11 18:22:50,493 main DEBUG Building Plugin[name=appender-ref, class=org.apache.logging.log4j.core.config.AppenderRef].
2022-07-11 18:22:50,494 main DEBUG createAppenderRef(ref="file-log", level="DEBUG", Filter=null)
2022-07-11 18:22:50,494 main DEBUG Building Plugin[name=logger, class=org.apache.logging.log4j.core.config.LoggerConfig].
2022-07-11 18:22:50,496 main DEBUG LoggerConfig$Builder(additivity="false", level="DEBUG", levelAndRefs="null", name="com.sn", includeLocation="null", ={file-log}, ={}, Configuration(D:\GradleWorkspace\Selenium\target\classes\log4j2.xml), Filter=null)
2022-07-11 18:22:50,497 main DEBUG Building Plugin[name=appender-ref, class=org.apache.logging.log4j.core.config.AppenderRef].
2022-07-11 18:22:50,498 main DEBUG createAppenderRef(ref="console", level="null", Filter=null)
2022-07-11 18:22:50,498 main DEBUG Building Plugin[name=root, class=org.apache.logging.log4j.core.config.LoggerConfig$RootLogger].
2022-07-11 18:22:50,500 main DEBUG LoggerConfig$RootLogger$Builder(additivity="false", level="DEBUG", levelAndRefs="null", includeLocation="null", ={console}, ={}, Configuration(D:\GradleWorkspace\Selenium\target\classes\log4j2.xml), Filter=null)
2022-07-11 18:22:50,501 main DEBUG Building Plugin[name=loggers, class=org.apache.logging.log4j.core.config.LoggersPlugin].
2022-07-11 18:22:50,502 main DEBUG createLoggers(={com.sn, root})
2022-07-11 18:22:50,503 main DEBUG Configuration XmlConfiguration[location=D:\GradleWorkspace\Selenium\target\classes\log4j2.xml] initialized
2022-07-11 18:22:50,503 main DEBUG Starting configuration XmlConfiguration[location=D:\GradleWorkspace\Selenium\target\classes\log4j2.xml]
2022-07-11 18:22:50,504 main DEBUG Started configuration XmlConfiguration[location=D:\GradleWorkspace\Selenium\target\classes\log4j2.xml] OK.
2022-07-11 18:22:50,505 main DEBUG Shutting down OutputStreamManager SYSTEM_OUT.false.false-1
2022-07-11 18:22:50,505 main DEBUG OutputStream closed
2022-07-11 18:22:50,505 main DEBUG Shut down OutputStreamManager SYSTEM_OUT.false.false-1, all resources released: true
2022-07-11 18:22:50,505 main DEBUG Appender DefaultConsole-1 stopped with status true
2022-07-11 18:22:50,506 main DEBUG Stopped org.apache.logging.log4j.core.config.DefaultConfiguration@4bf48f6 OK
2022-07-11 18:22:50,583 main DEBUG Registering MBean org.apache.logging.log4j2:type=443b7951
2022-07-11 18:22:50,586 main DEBUG Registering MBean org.apache.logging.log4j2:type=443b7951,component=StatusLogger
2022-07-11 18:22:50,587 main DEBUG Registering MBean org.apache.logging.log4j2:type=443b7951,component=ContextSelector
2022-07-11 18:22:50,588 main DEBUG Registering MBean org.apache.logging.log4j2:type=443b7951,component=Loggers,name=
2022-07-11 18:22:50,589 main DEBUG Registering MBean org.apache.logging.log4j2:type=443b7951,component=Loggers,name=com.sn
2022-07-11 18:22:50,590 main DEBUG Registering MBean org.apache.logging.log4j2:type=443b7951,component=Appenders,name=file-log
2022-07-11 18:22:50,591 main DEBUG Registering MBean org.apache.logging.log4j2:type=443b7951,component=Appenders,name=console
2022-07-11 18:22:50,592 main DEBUG org.apache.logging.log4j.core.util.SystemClock supports precise timestamps.
2022-07-11 18:22:50,592 main DEBUG Reconfiguration complete for context[name=443b7951] at URI D:\GradleWorkspace\Selenium\target\classes\log4j2.xml (org.apache.logging.log4j.core.LoggerContext@478ee483) with optional ClassLoader: null
2022-07-11 18:22:50,593 main DEBUG Shutdown hook enabled. Registering a new one.
2022-07-11 18:22:50,595 main DEBUG LoggerContext[name=443b7951, org.apache.logging.log4j.core.LoggerContext@478ee483] started OK.
]]></system-out>
    <system-err><![CDATA[SLF4J: Failed to load class "org.slf4j.impl.StaticLoggerBinder".
SLF4J: Defaulting to no-operation (NOP) logger implementation
SLF4J: See http://www.slf4j.org/codes.html#StaticLoggerBinder for further details.
Starting ChromeDriver 103.0.5060.53 (a1711811edd74ff1cf2150f36ffa3b0dae40b17f-refs/branch-heads/5060@{#853}) on port 24188
Only local connections are allowed.
Please see https://chromedriver.chromium.org/security-considerations for suggestions on keeping ChromeDriver safe.
ChromeDriver was started successfully.
Jul 11, 2022 6:22:52 PM org.openqa.selenium.remote.ProtocolHandshake createSession
INFO: Detected dialect: W3C
[1657544035.036][SEVERE]: Timed out receiving message from renderer: 50.000
[1657544035.037][SEVERE]: Timed out receiving message from renderer: 50.000
Jul 11, 2022 6:23:55 PM org.openqa.selenium.remote.ErrorCodes toStatus
INFO: HTTP Status: '500' -> incorrect JSON status mapping for 'timeout' (408 expected)
]]></system-err>
  </testcase>
  <testcase name="createNewLead" classname="executetests.Salesforce" time="59.111"/>
</testsuite>